Ans: McAfee Firewall Core Service


StatusCode        : 201
StatusDescription : Created
Content           : [{"Date": "06/15/2020 14:20:54", "Service_Name": "mfefire", "Display_Name": "McAfee Firewall Core 
                    Service", "Status": "Running"}]
RawContent        : HTTP/1.1 201 Created
                    Vary: Accept, Cookie
                    Allow: DELETE, POST, OPTIONS, GET
                    X-Frame-Options: DENY
                    X-Content-Type-Options: nosniff
                    Content-Length: 129
                    Content-Type: application/json
                    Date: Mon, 1...
Forms             : {}
Headers           : {[Vary, Accept, Cookie], [Allow, DELETE, POST, OPTIONS, GET], [X-Frame-Options, DENY], 
                    [X-Content-Type-Options, nosniff]...}
Images            : {}
InputFields       : {}
Links             : {}
ParsedHtml        : mshtml.HTMLDocumentClass
RawContentLength  : 129



